<?xml version="1.0" encoding="UTF-8"?>
<!-- Generated by org.testng.reporters.JUnitReportReporter -->
<testsuite hostname="LAPTOP-0TR3STM5-Sandesh-Jadhav" failures="0" tests="1" name="com.tests.LoginPageTest" time="33.762" errors="0" timestamp="2024-09-25T15:40:16 IST" skipped="0">
  <testcase classname="com.tests.LoginPageTest" name="completeFlow" time="33.762"/>
  <system-out/>
</testsuite> <!-- com.tests.LoginPageTest -->
