<?xml version="1.0" encoding="UTF-8"?>
<!-- Generated by org.testng.reporters.JUnitReportReporter -->
<testsuite hostname="LAPTOP-0TR3STM5-Sandesh-Jadhav" failures="0" tests="1" name="com.pages.HomePage" time="0.003" errors="0" timestamp="2024-09-24T23:34:25 IST" skipped="0">
  <testcase classname="com.pages.HomePage" name="print" time="0.003"/>
  <system-out/>
</testsuite> <!-- com.pages.HomePage -->
