<?xml version="1.0" encoding="UTF-8"?>
<!-- Generated by org.testng.reporters.JUnitReportReporter -->
<testsuite hostname="LAPTOP-0TR3STM5-Sandesh-Jadhav" failures="0" tests="2" name="com.tests.HomePageTest" time="13.934" errors="0" timestamp="2024-09-25T10:36:48 IST" skipped="0">
  <testcase classname="com.tests.HomePageTest" name="test" time="6.930"/>
  <system-out/>
  <testcase classname="com.tests.HomePageTest" name="test2" time="7.004"/>
  <system-out/>
</testsuite> <!-- com.tests.HomePageTest -->
